<?xml version="1.0" encoding="UTF-8"?>
<!-- Generated by org.testng.reporters.JUnitReportReporter -->
<testsuite hostname="DESKTOP-FSUE9QU" failures="0" tests="3" name="testcases.Login" time="257.385" errors="0" timestamp="2025-02-09T13:24:07 IST" skipped="0">
  <testcase classname="testcases.Login" name="verifyLoginWithValidCredentials" time="58.839"/>
  <testcase classname="testcases.Login" name="verifyLoginWithValidCredentials" time="132.986"/>
  <testcase classname="testcases.Login" name="verifyLoginWithValidCredentials" time="65.560"/>
</testsuite> <!-- testcases.Login -->
